[19:32:19] [ServerMain/INFO]: [bootstrap] Running Java 21 (OpenJDK 64-Bit Server VM 21.0.6+10-LTS; BellSoft null) on Windows 11 10.0 (amd64)
[19:32:19] [ServerMain/INFO]: [bootstrap] Loading Paper 1.21.4-152-main@4041678 (2025-02-15T22:36:39Z) for Minecraft 1.21.4
[19:32:20] [ServerMain/INFO]: [PluginInitializerManager] Initializing plugins...
[19:32:22] [ServerMain/INFO]: [PluginInitializerManager] Initialized 2 plugins
[19:32:22] [ServerMain/INFO]: [PluginInitializerManager] Paper plugins (1):
 - LibreLogin (0.24.0)
[19:32:22] [ServerMain/INFO]: [PluginInitializerManager] Bukkit plugins (1):
 - FreedomChat (1.7.2)
[19:32:27] [ServerMain/INFO]: Environment: Environment[sessionHost=https://sessionserver.mojang.com, servicesHost=https://api.minecraftservices.com, name=PROD]
[19:32:31] [ServerMain/INFO]: Loaded 1376 recipes
[19:32:31] [ServerMain/INFO]: Loaded 1534 advancements
[19:32:31] [ServerMain/INFO]: [MCTypeRegistry] Initialising converters for DataConverter...
[19:32:31] [ServerMain/INFO]: [MCTypeRegistry] Finished initialising converters for DataConverter in 291.0ms
[19:32:31] [Server thread/INFO]: Starting minecraft server version 1.21.4
[19:32:31] [Server thread/INFO]: Loading properties
[19:32:32] [Server thread/INFO]: This server is running Paper version 1.21.4-152-main@4041678 (2025-02-15T22:36:39Z) (Implementing API version 1.21.4-R0.1-SNAPSHOT)
[19:32:32] [Server thread/INFO]: [spark] This server bundles the spark profiler. For more information please visit https://docs.papermc.io/paper/profiling
[19:32:32] [Server thread/INFO]: Server Ping Player Sample Count: 12
[19:32:32] [Server thread/INFO]: Using 4 threads for Netty based IO
[19:32:32] [Server thread/INFO]: [MoonriseCommon] Paper is using 4 worker threads, 1 I/O threads
[19:32:32] [Server thread/INFO]: [ChunkTaskScheduler] Chunk system is using population gen parallelism: true
[19:32:33] [Server thread/INFO]: Default game type: SURVIVAL
[19:32:33] [Server thread/INFO]: Generating keypair
[19:32:33] [Server thread/INFO]: Starting Minecraft server on *:25565
[19:32:33] [Server thread/INFO]: Using default channel type
[19:32:33] [Server thread/INFO]: Paper: Using Java compression from Velocity.
[19:32:33] [Server thread/INFO]: Paper: Using Java cipher from Velocity.
[19:32:33] [Server thread/INFO]: [LibreLogin] Loading server plugin LibreLogin v0.24.0
[19:32:33] [Server thread/INFO]: [LibreLogin] Analyzing server setup...
[19:32:33] [Server thread/INFO]: [LibreLogin] Detected Adventure-compatible server distribution - Paper 1.21.4-152-4041678 (MC: 1.21.4)
[19:32:33] [Server thread/INFO]: [LibreLogin] Loading libraries...
[19:32:37] [Server thread/INFO]: [FreedomChat] Loading server plugin FreedomChat v1.7.2
[19:32:37] [Server thread/INFO]: Server permissions file permissions.yml is empty, ignoring it
[19:32:37] [Server thread/WARN]: **** SERVER IS RUNNING IN OFFLINE/INSECURE MODE!
[19:32:37] [Server thread/WARN]: The server will make no attempt to authenticate usernames. Beware.
[19:32:37] [Server thread/WARN]: While this makes the game possible to play without internet access, it also opens up the ability for hackers to connect with any username they choose.
[19:32:37] [Server thread/WARN]: To change this, set "online-mode" to "true" in the server.properties file.
[19:32:37] [Server thread/INFO]: Preparing level "world"
[19:32:38] [Server thread/INFO]: Preparing start region for dimension minecraft:overworld
[19:32:38] [Server thread/INFO]: Preparing spawn area: 0%
[19:32:39] [Server thread/INFO]: Preparing spawn area: 0%
[19:32:39] [Server thread/INFO]: Time elapsed: 926 ms
[19:32:39] [Server thread/INFO]: Preparing start region for dimension minecraft:the_nether
[19:32:39] [Server thread/INFO]: Preparing spawn area: 0%
[19:32:39] [Server thread/INFO]: Time elapsed: 210 ms
[19:32:39] [Server thread/INFO]: Preparing start region for dimension minecraft:the_end
[19:32:39] [Server thread/INFO]: Preparing spawn area: 0%
[19:32:39] [Server thread/INFO]: Time elapsed: 95 ms
[19:32:39] [Server thread/INFO]: [LibreLogin] Enabling LibreLogin v0.24.0
[19:32:39] [Server thread/INFO]: [LibreLogin] Bootstrapping LibreLogin...
[19:32:39] [Server thread/INFO]: [LibreLogin] Loading messages...
[19:32:40] [Server thread/INFO]: [LibreLogin] Loading configuration...
[19:32:40] [Server thread/INFO]: [LibreLogin] Loading forbidden passwords...
[19:32:40] [Server thread/INFO]: [LibreLogin] Loaded 984904 forbidden passwords
[19:32:40] [Server thread/INFO]: [LibreLogin] Connecting to the database...
[19:32:40] [Server thread/WARN]: [xyz.kyngs.librelogin.lib.hikari.HikariConfig] LibreLogin SQLite Pool - keepaliveTime is greater than or equal to maxLifetime, disabling it.
[19:32:40] [Server thread/INFO]: [xyz.kyngs.librelogin.lib.hikari.HikariDataSource] LibreLogin SQLite Pool - Starting...
[19:32:41] [Server thread/INFO]: [xyz.kyngs.librelogin.lib.hikari.pool.HikariPool] LibreLogin SQLite Pool - Added connection org.sqlite.jdbc4.JDBC4Connection@7e11c1e3
[19:32:41] [Server thread/INFO]: [xyz.kyngs.librelogin.lib.hikari.HikariDataSource] LibreLogin SQLite Pool - Start completed.
[19:32:41] [Server thread/INFO]: [LibreLogin] Successfully connected to the database
[19:32:41] [Server thread/INFO]: [LibreLogin] Validating schema
[19:32:41] [Server thread/INFO]: [LibreLogin] Schema validated
[19:32:41] [Server thread/INFO]: [LibreLogin] Found world file for limbo, loading...
[19:32:41] [Server thread/INFO]: Preparing start region for dimension minecraft:limbo
[19:32:41] [Server thread/INFO]: Preparing spawn area: 0%
[19:32:41] [Server thread/INFO]: Time elapsed: 43 ms
[19:32:41] [Server thread/INFO]: [LibreLogin] [ACF] Enabled Asynchronous Tab Completion Support!
[19:32:41] [Server thread/INFO]: [FreedomChat] Enabling FreedomChat v1.7.2
[19:32:42] [Server thread/INFO]: [spark] Starting background profiler...
[19:32:42] [Server thread/INFO]: [spark] The async-profiler engine is not supported for your os/arch (windows11/amd64), so the built-in Java engine will be used instead.
[19:32:42] [Server thread/INFO]: Done preparing level "world" (4.765s)
[19:32:42] [Server thread/INFO]: Running delayed init tasks
[19:32:42] [Server thread/INFO]: Done (23.512s)! For help, type "help"
[19:32:43] [Craft Scheduler Thread - 3 - LibreLogin/INFO]: [LibreLogin] Checking for updates...
[19:32:43] [Craft Scheduler Thread - 3 - LibreLogin/INFO]: [LibreLogin] You are running the latest version of LibreLogin
[19:34:20] [User Authenticator #0/INFO]: UUID of player iJustGhost is ed75c339-fab8-3531-b7d9-bca7e9226944
[19:34:22] [Server thread/INFO]: iJustGhost joined the game
[19:34:22] [Server thread/INFO]: iJustGhost[/172.23.11.159:46264] logged in with entity id 80 at ([limbo]0.0, 70.0, 0.0)
[19:35:20] [Server thread/INFO]: Stopping the server
[19:35:20] [Server thread/INFO]: Stopping server
[19:35:20] [Server thread/INFO]: [FreedomChat] Disabling FreedomChat v1.7.2
[19:35:20] [Server thread/INFO]: [LibreLogin] Disabling LibreLogin v0.24.0
[19:35:20] [Server thread/INFO]: [xyz.kyngs.librelogin.lib.hikari.HikariDataSource] LibreLogin SQLite Pool - Shutdown initiated...
[19:35:20] [Server thread/INFO]: [xyz.kyngs.librelogin.lib.hikari.HikariDataSource] LibreLogin SQLite Pool - Shutdown completed.
[19:35:20] [Server thread/INFO]: Saving players
[19:35:20] [Server thread/INFO]: iJustGhost lost connection: Server closed
[19:35:20] [Server thread/INFO]: iJustGhost left the game
[19:35:21] [Server thread/INFO]: Saving worlds
[19:35:21] [Server thread/INFO]: Saving chunks for level 'ServerLevel[world]'/minecraft:overworld
[19:35:21] [Server thread/INFO]: [ChunkHolderManager] Waiting 60s for chunk system to halt for world 'world'
[19:35:21] [Server thread/INFO]: [ChunkHolderManager] Halted chunk system for world 'world'
[19:35:21] [Server thread/INFO]: [ChunkHolderManager] Saving all chunkholders for world 'world'
[19:35:21] [Server thread/INFO]: [ChunkHolderManager] Saved 751 block chunks, 751 entity chunks, 0 poi chunks in world 'world' in 0.87s
[19:35:21] [Server thread/INFO]: [ChunkHolderManager] Waiting 60s for chunk I/O to halt for world 'world'
[19:35:21] [Server thread/INFO]: [ChunkHolderManager] Halted I/O scheduler for world 'world'
[19:35:22] [Server thread/INFO]: Saving chunks for level 'ServerLevel[world_nether]'/minecraft:the_nether
[19:35:22] [Server thread/INFO]: [ChunkHolderManager] Waiting 60s for chunk system to halt for world 'world_nether'
[19:35:22] [Server thread/INFO]: [ChunkHolderManager] Halted chunk system for world 'world_nether'
[19:35:22] [Server thread/INFO]: [ChunkHolderManager] Saving all chunkholders for world 'world_nether'
[19:35:22] [Server thread/INFO]: [ChunkHolderManager] Saved 49 block chunks, 49 entity chunks, 0 poi chunks in world 'world_nether' in 0.04s
[19:35:22] [Server thread/INFO]: [ChunkHolderManager] Waiting 60s for chunk I/O to halt for world 'world_nether'
[19:35:22] [Server thread/INFO]: [ChunkHolderManager] Halted I/O scheduler for world 'world_nether'
[19:35:22] [Server thread/INFO]: Saving chunks for level 'ServerLevel[world_the_end]'/minecraft:the_end
[19:35:22] [Server thread/INFO]: [ChunkHolderManager] Waiting 60s for chunk system to halt for world 'world_the_end'
[19:35:22] [Server thread/INFO]: [ChunkHolderManager] Halted chunk system for world 'world_the_end'
[19:35:22] [Server thread/INFO]: [ChunkHolderManager] Saving all chunkholders for world 'world_the_end'
[19:35:22] [Server thread/INFO]: [ChunkHolderManager] Saved 49 block chunks, 49 entity chunks, 0 poi chunks in world 'world_the_end' in 0.03s
[19:35:22] [Server thread/INFO]: [ChunkHolderManager] Waiting 60s for chunk I/O to halt for world 'world_the_end'
[19:35:22] [Server thread/INFO]: [ChunkHolderManager] Halted I/O scheduler for world 'world_the_end'
[19:35:22] [Server thread/INFO]: Saving chunks for level 'ServerLevel[limbo]'/minecraft:limbo
[19:35:22] [Server thread/INFO]: [ChunkHolderManager] Waiting 60s for chunk system to halt for world 'limbo'
[19:35:22] [Server thread/INFO]: [ChunkHolderManager] Halted chunk system for world 'limbo'
[19:35:22] [Server thread/INFO]: [ChunkHolderManager] Saving all chunkholders for world 'limbo'
[19:35:22] [Server thread/INFO]: [ChunkHolderManager] Saved 572 block chunks, 572 entity chunks, 0 poi chunks in world 'limbo' in 0.21s
[19:35:22] [Server thread/INFO]: [ChunkHolderManager] Waiting 60s for chunk I/O to halt for world 'limbo'
[19:35:22] [Server thread/INFO]: [ChunkHolderManager] Halted I/O scheduler for world 'limbo'
[19:35:22] [Server thread/INFO]: ThreadedAnvilChunkStorage (world): All chunks are saved
[19:35:22] [Server thread/INFO]: ThreadedAnvilChunkStorage (DIM-1): All chunks are saved
[19:35:22] [Server thread/INFO]: ThreadedAnvilChunkStorage (DIM1): All chunks are saved
[19:35:22] [Server thread/INFO]: ThreadedAnvilChunkStorage (limbo): All chunks are saved
[19:35:22] [Server thread/INFO]: ThreadedAnvilChunkStorage: All dimensions are saved
[19:35:22] [Server thread/INFO]: Waiting for I/O tasks to complete...
[19:35:22] [Server thread/INFO]: All I/O tasks to complete
[19:35:22] [Server thread/INFO]: [MoonriseCommon] Awaiting termination of worker pool for up to 60s...
[19:35:22] [Server thread/INFO]: [MoonriseCommon] Awaiting termination of I/O pool for up to 60s...
